{
  "stats": {
    "suites": 1,
    "tests": 1,
    "passes": 1,
    "pending": 0,
    "failures": 0,
    "start": "2024-12-25T21:36:21.280Z",
    "end": "2024-12-25T21:36:22.992Z",
    "duration": 1712,
    "testsRegistered": 1,
    "passPercent": 100,
    "pendingPercent": 0,
    "other": 0,
    "hasOther": false,
    "skipped": 0,
    "hasSkipped": false
  },
  "results": [
    {
      "uuid": "e1a1620e-aae2-426a-bb15-68899985d0db",
      "title": "",
      "fullFile": "cypress/e2e/tests.cy.js",
      "file": "cypress/e2e/tests.cy.js",
      "beforeHooks": [],
      "afterHooks": [],
      "tests": [],
      "suites": [
        {
          "uuid": "b9a4dc54-7289-4860-84fe-64f08536fd76",
          "title": "Notes App",
          "fullFile": "",
          "file": "",
          "beforeHooks": [],
          "afterHooks": [],
          "tests": [
            {
              "title": "should create notes and find them on the list",
              "fullTitle": "Notes App should create notes and find them on the list",
              "timedOut": null,
              "duration": 1660,
              "state": "passed",
              "speed": "fast",
              "pass": true,
              "fail": false,
              "pending": false,
              "context": null,
              "code": "// Visit the app's homepage\ncy.visit(\"/\");\n// Create the first note\ncy.get(\"[data-type=title]\").type(\"New note\");\ncy.get(\"[data-type=body]\").type(\"Note body\");\ncy.get('[data-type=notes-form]').submit();\n// Verify the first note exists in the list\ncy.get('[data-type=note]').should('contain.text', 'New note').and('contain.text', 'Note body');\n// Create the second note\ncy.get(\"[data-type=title]\").clear().type(\"Another note\");\ncy.get(\"[data-type=body]\").clear().type(\"Another body\");\ncy.get('[data-type=notes-form]').submit();\n// Verify the second note exists in the list\ncy.get('[data-type=note]').should('contain.text', 'Another note').and('contain.text', 'Another body');",
              "err": {},
              "uuid": "cc27d79a-1334-4862-bdad-7c4a544d807a",
              "parentUUID": "b9a4dc54-7289-4860-84fe-64f08536fd76",
              "isHook": false,
              "skipped": false
            }
          ],
          "suites": [],
          "passes": [
            "cc27d79a-1334-4862-bdad-7c4a544d807a"
          ],
          "failures": [],
          "pending": [],
          "skipped": [],
          "duration": 1660,
          "root": false,
          "rootEmpty": false,
          "_timeout": 2000
        }
      ],
      "passes": [],
      "failures": [],
      "pending": [],
      "skipped": [],
      "duration": 0,
      "root": true,
      "rootEmpty": true,
      "_timeout": 2000
    }
  ],
  "meta": {
    "mocha": {
      "version": "7.0.1"
    },
    "mochawesome": {
      "options": {
        "quiet": false,
        "reportFilename": "mochawesome",
        "saveHtml": false,
        "saveJson": true,
        "consoleReporter": "spec",
        "useInlineDiffs": false,
        "code": true
      },
      "version": "7.1.3"
    },
    "marge": {
      "options": {
        "reportDir": "cypress/reports",
        "overwrite": false,
        "html": false,
        "json": true
      },
      "version": "6.2.0"
    }
  }
}