{
  "stats": {
    "suites": 1,
    "tests": 1,
    "passes": 1,
    "pending": 0,
    "failures": 0,
    "start": "2024-12-25T06:10:35.351Z",
    "end": "2024-12-25T06:10:37.506Z",
    "duration": 2155,
    "testsRegistered": 1,
    "passPercent": 100,
    "pendingPercent": 0,
    "other": 0,
    "hasOther": false,
    "skipped": 0,
    "hasSkipped": false
  },
  "results": [
    {
      "uuid": "75fef975-d0e0-44c4-8e36-3d21caea3613",
      "title": "",
      "fullFile": "cypress/e2e/tests.cy.js",
      "file": "cypress/e2e/tests.cy.js",
      "beforeHooks": [],
      "afterHooks": [],
      "tests": [],
      "suites": [
        {
          "uuid": "c7d1d9f2-f73a-4cbd-8a76-5828f82f7015",
          "title": "Notes App",
          "fullFile": "",
          "file": "",
          "beforeHooks": [],
          "afterHooks": [],
          "tests": [
            {
              "title": "should create notes and find them on the list",
              "fullTitle": "Notes App should create notes and find them on the list",
              "timedOut": null,
              "duration": 2127,
              "state": "passed",
              "speed": "fast",
              "pass": true,
              "fail": false,
              "pending": false,
              "context": null,
              "code": "cy.visit(\"/\");\ncy.get(\"[data-type=title]\").type(\"New note\");\ncy.get(\"[data-type=body]\").type(\"Note body\");\ncy.get('[data-type=notes-form]').submit();\ncy.get('[data-type=note]').get('[data-title=\"New note\"][data-body=\"Note body\"]').should('exist');\ncy.get(\"[data-type=title]\").type(\"Another note\");\ncy.get(\"[data-type=body]\").type(\"Another body\");\ncy.get('[data-type=notes-form]').submit();\ncy.get('[data-type=note]').get('[data-title=\"Another note\"][data-body=\"Another body\"]').should('exist');",
              "err": {},
              "uuid": "51bb9c27-9bd7-4a85-adf6-29fd5163dc4d",
              "parentUUID": "c7d1d9f2-f73a-4cbd-8a76-5828f82f7015",
              "isHook": false,
              "skipped": false
            }
          ],
          "suites": [],
          "passes": [
            "51bb9c27-9bd7-4a85-adf6-29fd5163dc4d"
          ],
          "failures": [],
          "pending": [],
          "skipped": [],
          "duration": 2127,
          "root": false,
          "rootEmpty": false,
          "_timeout": 2000
        }
      ],
      "passes": [],
      "failures": [],
      "pending": [],
      "skipped": [],
      "duration": 0,
      "root": true,
      "rootEmpty": true,
      "_timeout": 2000
    }
  ],
  "meta": {
    "mocha": {
      "version": "7.0.1"
    },
    "mochawesome": {
      "options": {
        "quiet": false,
        "reportFilename": "mochawesome",
        "saveHtml": false,
        "saveJson": true,
        "consoleReporter": "spec",
        "useInlineDiffs": false,
        "code": true
      },
      "version": "7.1.3"
    },
    "marge": {
      "options": {
        "reportDir": "cypress/reports",
        "overwrite": false,
        "html": false,
        "json": true
      },
      "version": "6.2.0"
    }
  }
}