{
  "stats": {
    "suites": 1,
    "tests": 1,
    "passes": 1,
    "pending": 0,
    "failures": 0,
    "start": "2024-12-25T21:15:27.498Z",
    "end": "2024-12-25T21:15:30.509Z",
    "duration": 3011,
    "testsRegistered": 1,
    "passPercent": 100,
    "pendingPercent": 0,
    "other": 0,
    "hasOther": false,
    "skipped": 0,
    "hasSkipped": false
  },
  "results": [
    {
      "uuid": "2122530b-4d99-43d1-b6e6-1135bd701347",
      "title": "",
      "fullFile": "cypress/e2e/tests.cy.js",
      "file": "cypress/e2e/tests.cy.js",
      "beforeHooks": [],
      "afterHooks": [],
      "tests": [],
      "suites": [
        {
          "uuid": "779ef00c-428d-49a4-bc1c-64f636457ec5",
          "title": "Notes App",
          "fullFile": "",
          "file": "",
          "beforeHooks": [],
          "afterHooks": [],
          "tests": [
            {
              "title": "should create notes and find them on the list",
              "fullTitle": "Notes App should create notes and find them on the list",
              "timedOut": null,
              "duration": 2932,
              "state": "passed",
              "speed": "fast",
              "pass": true,
              "fail": false,
              "pending": false,
              "context": null,
              "code": "// Visit the app's homepage\ncy.visit(\"/\");\n// Create the first note\ncy.get(\"[data-type=title]\").type(\"New note\");\ncy.get(\"[data-type=body]\").type(\"Note body\");\ncy.get('[data-type=notes-form]').submit();\n// Verify the first note exists in the list\ncy.get('[data-type=note]').should('contain.text', 'New note').and('contain.text', 'Note body');\n// Create the second note\ncy.get(\"[data-type=title]\").clear().type(\"Another note\");\ncy.get(\"[data-type=body]\").clear().type(\"Another body\");\ncy.get('[data-type=notes-form]').submit();\n// Verify the second note exists in the list\ncy.get('[data-type=note]').should('contain.text', 'Another note').and('contain.text', 'Another body');",
              "err": {},
              "uuid": "0d873462-d9a5-4695-adfe-8f5538592ca6",
              "parentUUID": "779ef00c-428d-49a4-bc1c-64f636457ec5",
              "isHook": false,
              "skipped": false
            }
          ],
          "suites": [],
          "passes": [
            "0d873462-d9a5-4695-adfe-8f5538592ca6"
          ],
          "failures": [],
          "pending": [],
          "skipped": [],
          "duration": 2932,
          "root": false,
          "rootEmpty": false,
          "_timeout": 2000
        }
      ],
      "passes": [],
      "failures": [],
      "pending": [],
      "skipped": [],
      "duration": 0,
      "root": true,
      "rootEmpty": true,
      "_timeout": 2000
    }
  ],
  "meta": {
    "mocha": {
      "version": "7.0.1"
    },
    "mochawesome": {
      "options": {
        "quiet": false,
        "reportFilename": "mochawesome",
        "saveHtml": false,
        "saveJson": true,
        "consoleReporter": "spec",
        "useInlineDiffs": false,
        "code": true
      },
      "version": "7.1.3"
    },
    "marge": {
      "options": {
        "reportDir": "cypress/reports",
        "overwrite": false,
        "html": false,
        "json": true
      },
      "version": "6.2.0"
    }
  }
}