{
  "stats": {
    "suites": 1,
    "tests": 1,
    "passes": 0,
    "pending": 0,
    "failures": 1,
    "start": "2024-12-25T20:49:15.320Z",
    "end": "2024-12-25T20:49:20.780Z",
    "duration": 5460,
    "testsRegistered": 1,
    "passPercent": 0,
    "pendingPercent": 0,
    "other": 0,
    "hasOther": false,
    "skipped": 0,
    "hasSkipped": false
  },
  "results": [
    {
      "uuid": "ae9f7368-d022-40e9-8779-67e748acc3d7",
      "title": "",
      "fullFile": "cypress/e2e/tests.cy.js",
      "file": "cypress/e2e/tests.cy.js",
      "beforeHooks": [],
      "afterHooks": [],
      "tests": [],
      "suites": [
        {
          "uuid": "2ba39fde-a807-496b-89ed-f1c2d8724a6e",
          "title": "Notes App",
          "fullFile": "",
          "file": "",
          "beforeHooks": [],
          "afterHooks": [],
          "tests": [
            {
              "title": "should create notes and find them on the list",
              "fullTitle": "Notes App should create notes and find them on the list",
              "timedOut": null,
              "duration": 5377,
              "state": "failed",
              "speed": null,
              "pass": false,
              "fail": true,
              "pending": false,
              "context": null,
              "code": "cy.visit(\"/\");\ncy.get(\"[data-type=title]\").type(\"New note\");\ncy.get(\"[data-type=body]\").type(\"Note body\");\ncy.get('[data-type=notes-form]').submit();\ncy.get('[data-type=note]').get('[data-title=\"New note\"][data-body=\"Note body\"]').should('exist');\ncy.get(\"[data-type=title]\").type(\"Another note\");\ncy.get(\"[data-type=body]\").type(\"Another body\");\ncy.get('[data-type=notes-form]').submit();\ncy.get('[data-type=note]').get('[data-title=\"Another note\"][data-body=\"Another body\"]').should('exist');",
              "err": {
                "message": "CypressError: Timed out retrying after 4000ms: `cy.type()` failed because this element is not visible:\n\n`<input type=\"text\" data-type=\"title\" class=\"focus:ring-indigo-500 focus:border-indigo-500 flex-1 block w-full rounded-none rounded-md sm:text-sm border-gray-300\" value=\"\">`\n\nThis element `<input.focus:ring-indigo-500.focus:border-indigo-500.flex-1.block.w-full.rounded-none.rounded-md.sm:text-sm.border-gray-300>` is not visible because its parent `<body>` has CSS property: `display: none`\n\nFix this problem, or use `{force: true}` to disable error checking.\n\nhttps://on.cypress.io/element-cannot-be-interacted-with",
                "estack": "CypressError: Timed out retrying after 4000ms: `cy.type()` failed because this element is not visible:\n\n`<input type=\"text\" data-type=\"title\" class=\"focus:ring-indigo-500 focus:border-indigo-500 flex-1 block w-full rounded-none rounded-md sm:text-sm border-gray-300\" value=\"\">`\n\nThis element `<input.focus:ring-indigo-500.focus:border-indigo-500.flex-1.block.w-full.rounded-none.rounded-md.sm:text-sm.border-gray-300>` is not visible because its parent `<body>` has CSS property: `display: none`\n\nFix this problem, or use `{force: true}` to disable error checking.\n\nhttps://on.cypress.io/element-cannot-be-interacted-with\n    at runVisibilityCheck (http://localhost:3000/__cypress/runner/cypress_runner.js:144370:58)\n    at Object.isStrictlyVisible (http://localhost:3000/__cypress/runner/cypress_runner.js:144384:10)\n    at runAllChecks (http://localhost:3000/__cypress/runner/cypress_runner.js:112186:26)\n    at retryActionability (http://localhost:3000/__cypress/runner/cypress_runner.js:112254:16)\n    at tryCatcher (http://localhost:3000/__cypress/runner/cypress_runner.js:1807:23)\n    at Promise.attempt.Promise.try (http://localhost:3000/__cypress/runner/cypress_runner.js:4315:29)\n    at whenStable (http://localhost:3000/__cypress/runner/cypress_runner.js:143192:68)\n    at <unknown> (http://localhost:3000/__cypress/runner/cypress_runner.js:143133:14)\n    at tryCatcher (http://localhost:3000/__cypress/runner/cypress_runner.js:1807:23)\n    at Promise._settlePromiseFromHandler (http://localhost:3000/__cypress/runner/cypress_runner.js:1519:31)\n    at Promise._settlePromise (http://localhost:3000/__cypress/runner/cypress_runner.js:1576:18)\n    at Promise._settlePromise0 (http://localhost:3000/__cypress/runner/cypress_runner.js:1621:10)\n    at Promise._settlePromises (http://localhost:3000/__cypress/runner/cypress_runner.js:1701:18)\n    at Promise._fulfill (http://localhost:3000/__cypress/runner/cypress_runner.js:1645:18)\n    at <unknown> (http://localhost:3000/__cypress/runner/cypress_runner.js:5450:46)\nFrom Your Spec Code:\n    at Context.eval (webpack://notes-app-react/./cypress/e2e/tests.cy.js:5:32)",
                "diff": null
              },
              "uuid": "0dd24cd3-60c3-42c3-80d2-49a672dbb153",
              "parentUUID": "2ba39fde-a807-496b-89ed-f1c2d8724a6e",
              "isHook": false,
              "skipped": false
            }
          ],
          "suites": [],
          "passes": [],
          "failures": [
            "0dd24cd3-60c3-42c3-80d2-49a672dbb153"
          ],
          "pending": [],
          "skipped": [],
          "duration": 5377,
          "root": false,
          "rootEmpty": false,
          "_timeout": 2000
        }
      ],
      "passes": [],
      "failures": [],
      "pending": [],
      "skipped": [],
      "duration": 0,
      "root": true,
      "rootEmpty": true,
      "_timeout": 2000
    }
  ],
  "meta": {
    "mocha": {
      "version": "7.0.1"
    },
    "mochawesome": {
      "options": {
        "quiet": false,
        "reportFilename": "mochawesome",
        "saveHtml": false,
        "saveJson": true,
        "consoleReporter": "spec",
        "useInlineDiffs": false,
        "code": true
      },
      "version": "7.1.3"
    },
    "marge": {
      "options": {
        "reportDir": "cypress/reports",
        "overwrite": false,
        "html": false,
        "json": true
      },
      "version": "6.2.0"
    }
  }
}