{
  "stats": {
    "suites": 1,
    "tests": 1,
    "passes": 1,
    "pending": 0,
    "failures": 0,
    "start": "2024-12-25T06:48:27.077Z",
    "end": "2024-12-25T06:48:29.275Z",
    "duration": 2198,
    "testsRegistered": 1,
    "passPercent": 100,
    "pendingPercent": 0,
    "other": 0,
    "hasOther": false,
    "skipped": 0,
    "hasSkipped": false
  },
  "results": [
    {
      "uuid": "2405f741-e740-4ca7-8b98-31f0e9b8cf4b",
      "title": "",
      "fullFile": "cypress/e2e/tests.cy.js",
      "file": "cypress/e2e/tests.cy.js",
      "beforeHooks": [],
      "afterHooks": [],
      "tests": [],
      "suites": [
        {
          "uuid": "cc7c8c2b-1260-4e85-a2ac-ad3b21397119",
          "title": "Notes App",
          "fullFile": "",
          "file": "",
          "beforeHooks": [],
          "afterHooks": [],
          "tests": [
            {
              "title": "should create notes and find them on the list",
              "fullTitle": "Notes App should create notes and find them on the list",
              "timedOut": null,
              "duration": 2155,
              "state": "passed",
              "speed": "fast",
              "pass": true,
              "fail": false,
              "pending": false,
              "context": null,
              "code": "cy.visit(\"/\");\ncy.get(\"[data-type=title]\").type(\"New note\");\ncy.get(\"[data-type=body]\").type(\"Note body\");\ncy.get('[data-type=notes-form]').submit();\ncy.get('[data-type=note]').get('[data-title=\"New note\"][data-body=\"Note body\"]').should('exist');\ncy.get(\"[data-type=title]\").type(\"Another note\");\ncy.get(\"[data-type=body]\").type(\"Another body\");\ncy.get('[data-type=notes-form]').submit();\ncy.get('[data-type=note]').get('[data-title=\"Another note\"][data-body=\"Another body\"]').should('exist');",
              "err": {},
              "uuid": "3074197e-9e20-41ea-9e44-168fbaf974ff",
              "parentUUID": "cc7c8c2b-1260-4e85-a2ac-ad3b21397119",
              "isHook": false,
              "skipped": false
            }
          ],
          "suites": [],
          "passes": [
            "3074197e-9e20-41ea-9e44-168fbaf974ff"
          ],
          "failures": [],
          "pending": [],
          "skipped": [],
          "duration": 2155,
          "root": false,
          "rootEmpty": false,
          "_timeout": 2000
        }
      ],
      "passes": [],
      "failures": [],
      "pending": [],
      "skipped": [],
      "duration": 0,
      "root": true,
      "rootEmpty": true,
      "_timeout": 2000
    }
  ],
  "meta": {
    "mocha": {
      "version": "7.0.1"
    },
    "mochawesome": {
      "options": {
        "quiet": false,
        "reportFilename": "mochawesome",
        "saveHtml": false,
        "saveJson": true,
        "consoleReporter": "spec",
        "useInlineDiffs": false,
        "code": true
      },
      "version": "7.1.3"
    },
    "marge": {
      "options": {
        "reportDir": "cypress/reports",
        "overwrite": false,
        "html": false,
        "json": true
      },
      "version": "6.2.0"
    }
  }
}